flutter_projects/build/app/outputs/mapping/release/configuration.txt
# The proguard configuration file for the following section is intermediates\proguard-files\proguard-android.txt-4.1.0
# This is a configuration file for ProGuard.
# http://proguard.sourceforge.net/index.html#manual/usage.html
#
# Starting with version 2.2 of the Android plugin for Gradle, this file is distributed together with
# the plugin and unpacked at build-time. The files in $ANDROID_HOME are no longer maintained and
# will be ignored by new version of the Android plugin for Gradle.

# Optimization is turned off by default. Dex does not like code run
# through the ProGuard optimize steps (and performs some
# of these optimizations on its own).
# Note that if you want to enable optimization, you cannot just
# include optimization flags in your own project configuration file;
# instead you will need to point to the
# "proguard-android-optimize.txt" file instead of this one from your
# project.properties file.
-dontoptimize

-dontusemixedcaseclassnames
-dontskipnonpubliclibraryclasses
-verbose

# Preserve some attributes that may be required for reflection.
-keepattributes *Annotation*,Signature,InnerClasses,EnclosingMethod

-keep public class com.google.vending.licensing.ILicensingService
-keep public class com.android.vending.licensing.ILicensingService
-keep public class com.google.android.vending.licensing.ILicensingService
-dontnote com.android.vending.licensing.ILicensingService
-dontnote com.google.vending.licensing.ILicensingService
-dontnote com.google.android.vending.licensing.ILicensingService

# For native methods, see http://proguard.sourceforge.net/manual/examples.html#native
-keepclasseswithmembernames,includedescriptorclasses class * {
    native <methods>;
}

# Keep setters in Views so that animations can still work.
-keepclassmembers public class * extends android.view.View {
    void set*(***);
    *** get*();
}

# We want to keep methods in Activity that could be used in the XML attribute onClick.
-keepclassmembers class * extends android.app.Activity {
    public void *(android.view.View);
}

# For enumeration classes, see http://proguard.sourceforge.net/manual/examples.html#enumerations
-keepclassmembers enum * {
    public static **[] values();
    public static ** valueOf(java.lang.String);
}

-keepclassmembers class * implements android.os.Parcelable {
    public static final ** CREATOR;
}

# Preserve annotated Javascript interface methods.
-keepclassmembers class * {
    @android.webkit.JavascriptInterface <methods>;
}

# The support libraries contains references to newer platform versions.
# Don't warn about those in case this app is linking against an older
# platform version. We know about them, and they are safe.
-dontnote android.support.**
-dontnote androidx.**
-dontwarn android.support.**
-dontwarn androidx.**

# This class is deprecated, but remains for backward compatibility.
-dontwarn android.util.FloatMath

# Understand the @Keep support annotation.
-keep class android.support.annotation.Keep
-keep class androidx.annotation.Keep

-keep @android.support.annotation.Keep class * {*;}
-keep @androidx.annotation.Keep class * {*;}

-keepclasseswithmembers class * {
    @android.support.annotation.Keep <methods>;
}

-keepclasseswithmembers class * {
    @androidx.annotation.Keep <methods>;
}

-keepclasseswithmembers class * {
    @android.support.annotation.Keep <fields>;
}

-keepclasseswithmembers class * {
    @androidx.annotation.Keep <fields>;
}

-keepclasseswithmembers class * {
    @android.support.annotation.Keep <init>(...);
}

-keepclasseswithmembers class * {
    @androidx.annotation.Keep <init>(...);
}

# These classes are duplicated between android.jar and org.apache.http.legacy.jar.
-dontnote org.apache.http.**
-dontnote android.net.http.**

# These classes are duplicated between android.jar and core-lambda-stubs.jar.
-dontnote java.lang.invoke.**

# End of content from intermediates\proguard-files\proguard-android.txt-4.1.0
# The proguard configuration file for the following section is flutter_tools\gradle\flutter_proguard_rules.pro
# Build the ephemeral app in a module project.
# Prevents: Warning: library class <plugin-package> depends on program class io.flutter.plugin.**
# This is due to plugins (libraries) depending on the embedding (the program jar)
-dontwarn io.flutter.plugin.**

# The android.** package is provided by the OS at runtime.
-dontwarn android.**

# End of content from flutter_tools\gradle\flutter_proguard_rules.pro
# The proguard configuration file for the following section is android\app\proguard-rules.pro
#Flutter Wrapper
-keep class io.flutter.app.** { *; }
-keep class io.flutter.plugin.**  { *; }
-keep class io.flutter.util.**  { *; }
-keep class io.flutter.view.**  { *; }
-keep class io.flutter.**  { *; }
-keep class io.flutter.plugins.**  { *; }
-keep class de.prosiebensat1digital.** { *; }
# End of content from android\app\proguard-rules.pro
# The proguard configuration file for the following section is aapt_proguard_file\release\aapt_rules.txt
-keep class androidx.core.app.CoreComponentFactory { <init>(); }
-keep class cc.dync.audio_manager.MediaPlayerService { <init>(); }
-keep class com.crazecoder.openfile.FileProvider { <init>(); }
-keep class com.pichillilorenzo.flutter_inappwebview.chrome_custom_tabs.ActionBroadcastReceiver { <init>(); }
-keep class com.pichillilorenzo.flutter_inappwebview.chrome_custom_tabs.ChromeCustomTabsActivity { <init>(); }
-keep class com.pichillilorenzo.flutter_inappwebview.in_app_browser.InAppBrowserActivity { <init>(); }
-keep class com.sangcomz.fishbun.FishBunFileProvider { <init>(); }
-keep class com.sangcomz.fishbun.ui.album.AlbumActivity { <init>(); }
-keep class com.sangcomz.fishbun.ui.detail.DetailActivity { <init>(); }
-keep class com.sangcomz.fishbun.ui.picker.PickerActivity { <init>(); }
-keep class com.tencent.smtt.export.external.DexClassLoaderProviderService { <init>(); }
-keep class com.vandyflintz.emkapp.MainActivity { <init>(); }
-keep class com.yalantis.ucrop.UCropActivity { <init>(); }
-keep class io.flutter.plugins.imagepicker.ImagePickerFileProvider { <init>(); }
-keep class io.flutter.plugins.share.ShareFileProvider { <init>(); }
-keep class io.flutter.plugins.urllauncher.WebViewActivity { <init>(); }
-keep class net.nfet.flutter.printing.PrintFileProvider { <init>(); }
-keep class android.widget.SearchView { <init>(android.content.Context); }

-keep class android.widget.Space { <init>(android.content.Context, android.util.AttributeSet); }

-keep class androidx.appcompat.app.AlertController$RecycleListView { <init>(android.content.Context, android.util.AttributeSet); }

-keep class androidx.appcompat.view.menu.ActionMenuItemView { <init>(android.content.Context, android.util.AttributeSet); }

-keep class androidx.appcompat.view.menu.ExpandedMenuView { <init>(android.content.Context, android.util.AttributeSet); }

-keep class androidx.appcompat.view.menu.ListMenuItemView { <init>(android.content.Context, android.util.AttributeSet); }

-keep class androidx.appcompat.widget.ActionBarContainer { <init>(android.content.Context, android.util.AttributeSet); }

-keep class androidx.appcompat.widget.ActionBarContextView { <init>(android.content.Context, android.util.AttributeSet); }

-keep class androidx.appcompat.widget.ActionBarOverlayLayout { <init>(android.content.Context, android.util.AttributeSet); }

-keep class androidx.appcompat.widget.ActionMenuView { <init>(android.content.Context, android.util.AttributeSet); }

-keep class androidx.appcompat.widget.ActivityChooserView$InnerLayout { <init>(android.content.Context, android.util.AttributeSet); }

-keep class androidx.appcompat.widget.AlertDialogLayout { <init>(android.content.Context, android.util.AttributeSet); }

-keep class androidx.appcompat.widget.AppCompatImageButton { <init>(android.content.Context, android.util.AttributeSet); }

-keep class androidx.appcompat.widget.ButtonBarLayout { <init>(android.content.Context, android.util.AttributeSet); }

-keep class androidx.appcompat.widget.ContentFrameLayout { <init>(android.content.Context, android.util.AttributeSet); }

-keep class androidx.appcompat.widget.DialogTitle { <init>(android.content.Context, android.util.AttributeSet); }

-keep class androidx.appcompat.widget.FitWindowsFrameLayout { <init>(android.content.Context, android.util.AttributeSet); }

-keep class androidx.appcompat.widget.FitWindowsLinearLayout { <init>(android.content.Context, android.util.AttributeSet); }

-keep class androidx.appcompat.widget.SearchView$SearchAutoComplete { <init>(android.content.Context, android.util.AttributeSet); }

-keep class androidx.appcompat.widget.Toolbar { <init>(android.content.Context, android.util.AttributeSet); }

-keep class androidx.appcompat.widget.ViewStubCompat { <init>(android.content.Context, android.util.AttributeSet); }

-keep class androidx.browser.browseractions.BrowserActionsFallbackMenuView { <init>(android.content.Context, android.util.AttributeSet); }

-keep class androidx.constraintlayout.widget.ConstraintLayout { <init>(android.content.Context, android.util.AttributeSet); }

-keep class androidx.coordinatorlayout.widget.CoordinatorLayout { <init>(android.content.Context, android.util.AttributeSet); }

-keep class androidx.core.widget.NestedScrollView { <init>(android.content.Context, android.util.AttributeSet); }

-keep class androidx.recyclerview.widget.RecyclerView { <init>(android.content.Context, android.util.AttributeSet); }

-keep class androidx.viewpager.widget.ViewPager { <init>(android.content.Context, android.util.AttributeSet); }

-keep class com.google.android.exoplayer2.ui.AspectRatioFrameLayout { <init>(android.content.Context, android.util.AttributeSet); }

-keep class com.google.android.exoplayer2.ui.SubtitleView { <init>(android.content.Context, android.util.AttributeSet); }

-keep class com.google.android.exoplayer2.ui.TrackSelectionView { <init>(android.content.Context, android.util.AttributeSet); }

-keep class com.google.android.material.appbar.AppBarLayout { <init>(android.content.Context, android.util.AttributeSet); }

-keep class com.google.android.material.internal.BaselineLayout { <init>(android.content.Context, android.util.AttributeSet); }

-keep class com.google.android.material.internal.CheckableImageButton { <init>(android.content.Context, android.util.AttributeSet); }

-keep class com.google.android.material.internal.NavigationMenuItemView { <init>(android.content.Context, android.util.AttributeSet); }

-keep class com.google.android.material.internal.NavigationMenuView { <init>(android.content.Context, android.util.AttributeSet); }

-keep class com.google.android.material.snackbar.Snackbar$SnackbarLayout { <init>(android.content.Context, android.util.AttributeSet); }

-keep class com.google.android.material.snackbar.SnackbarContentLayout { <init>(android.content.Context, android.util.AttributeSet); }

-keep class com.pichillilorenzo.flutter_inappwebview.in_app_webview.InAppWebView { <init>(android.content.Context, android.util.AttributeSet); }

-keep class com.pichillilorenzo.flutter_inappwebview.pull_to_refresh.PullToRefreshLayout { <init>(android.content.Context, android.util.AttributeSet); }

-keep class com.sangcomz.fishbun.util.RadioWithTextButton { <init>(android.content.Context, android.util.AttributeSet); }

-keep class com.sangcomz.fishbun.util.SquareFrameLayout { <init>(android.content.Context, android.util.AttributeSet); }

-keep class com.sangcomz.fishbun.util.SquareImageView { <init>(android.content.Context, android.util.AttributeSet); }

-keep class com.sangcomz.fishbun.util.TouchImageView { <init>(android.content.Context, android.util.AttributeSet); }

-keep class com.yalantis.ucrop.view.GestureCropImageView { <init>(android.content.Context, android.util.AttributeSet); }

-keep class com.yalantis.ucrop.view.OverlayView { <init>(android.content.Context, android.util.AttributeSet); }

-keep class com.yalantis.ucrop.view.UCropView { <init>(android.content.Context, android.util.AttributeSet); }

-keep class com.yalantis.ucrop.view.widget.AspectRatioTextView { <init>(android.content.Context, android.util.AttributeSet); }

-keep class com.yalantis.ucrop.view.widget.HorizontalProgressWheelView { <init>(android.content.Context, android.util.AttributeSet); }

-keepclassmembers class * { *** closeButtonClicked(android.view.MenuItem); }

-keepclassmembers class * { *** goBackButtonClicked(android.view.MenuItem); }

-keepclassmembers class * { *** goForwardButtonClicked(android.view.MenuItem); }

-keepclassmembers class * { *** reloadButtonClicked(android.view.MenuItem); }

-keepclassmembers class * { *** shareButtonClicked(android.view.MenuItem); }


# End of content from aapt_proguard_file\release\aapt_rules.txt
# The proguard configuration file for the following section is release\lib0\proguard.txt
# WebView
-keepattributes *JavascriptInterface*
-keepclassmembers class * {
    @android.webkit.JavascriptInterface <methods>;
}
-keepclassmembers class * extends android.webkit.WebViewClient {
    public void *(android.webkit.WebView, java.lang.String, android.graphics.Bitmap);
    public boolean *(android.webkit.WebView, java.lang.String);
    public void *(android.webkit.webView, jav.lang.String);
}
-keepclassmembers class com.pichillilorenzo.flutter_inappwebview$JavaScriptBridgeInterface {
     <fields>;
     <methods>;
     public *;
     private *;
}
-keep class com.pichillilorenzo.flutter_inappwebview.** { *; }
# End of content from release\lib0\proguard.txt
# The proguard configuration file for the following section is release\lib0\proguard.txt
# The point of this package is to specify that a dependent plugin intends to
# use the AndroidX lifecycle classes. Make sure no R8 heuristics shrink classes
# brought in by the embedding's pom.
#
# This isn't strictly needed since by definition, plugins using Android
# lifecycles should implement DefaultLifecycleObserver and therefore keep it
# from being shrunk. But there seems to be an R8 bug so this needs to stay
# https://issuetracker.google.com/issues/142778206.
-keep class androidx.lifecycle.DefaultLifecycleObserver

# End of content from release\lib0\proguard.txt
# The proguard configuration file for the following section is release\lib0\proguard.txt


-keep class com.webview.filereader.**{*;}

-dontoptimize
-dontusemixedcaseclassnames
-verbose
-dontskipnonpubliclibraryclasses
-dontskipnonpubliclibraryclassmembers
-dontwarn dalvik.**
-dontwarn com.tencent.smtt.**
#-overloadaggressively

# ------------------ Keep LineNumbers and properties ---------------- #
-keepattributes Exceptions,InnerClasses,Signature,Deprecated,SourceFile,LineNumberTable,*Annotation*,EnclosingMethod
# --------------------------------------------------------------------------

# Addidional for x5.sdk classes for apps

-keep class com.tencent.smtt.export.external.**{
    *;
}

-keep class com.tencent.tbs.video.interfaces.IUserStateChangedListener {
	*;
}

-keep class com.tencent.smtt.sdk.CacheManager {
	public *;
}

-keep class com.tencent.smtt.sdk.CookieManager {
	public *;
}

-keep class com.tencent.smtt.sdk.WebHistoryItem {
	public *;
}

-keep class com.tencent.smtt.sdk.WebViewDatabase {
	public *;
}

-keep class com.tencent.smtt.sdk.WebBackForwardList {
	public *;
}

-keep public class com.tencent.smtt.sdk.WebView {
	public <fields>;
	public <methods>;
}

-keep public class com.tencent.smtt.sdk.WebView$HitTestResult {
	public static final <fields>;
	public java.lang.String getExtra();
	public int getType();
}

-keep public class com.tencent.smtt.sdk.WebView$WebViewTransport {
	public <methods>;
}

-keep public class com.tencent.smtt.sdk.WebView$PictureListener {
	public <fields>;
	public <methods>;
}


-keepattributes InnerClasses

-keep public enum com.tencent.smtt.sdk.WebSettings$** {
    *;
}

-keep public enum com.tencent.smtt.sdk.QbSdk$** {
    *;
}

-keep public class com.tencent.smtt.sdk.WebSettings {
    public *;
}


-keepattributes Signature
-keep public class com.tencent.smtt.sdk.ValueCallback {
	public <fields>;
	public <methods>;
}

-keep public class com.tencent.smtt.sdk.WebViewClient {
	public <fields>;
	public <methods>;
}

-keep public class com.tencent.smtt.sdk.DownloadListener {
	public <fields>;
	public <methods>;
}

-keep public class com.tencent.smtt.sdk.WebChromeClient {
	public <fields>;
	public <methods>;
}

-keep public class com.tencent.smtt.sdk.WebChromeClient$FileChooserParams {
	public <fields>;
	public <methods>;
}

-keep class com.tencent.smtt.sdk.SystemWebChromeClient{
	public *;
}
# 1. extension interfaces should be apparent
-keep public class com.tencent.smtt.export.external.extension.interfaces.* {
	public protected *;
}

# 2. interfaces should be apparent
-keep public class com.tencent.smtt.export.external.interfaces.* {
	public protected *;
}

-keep public class com.tencent.smtt.sdk.WebViewCallbackClient {
	public protected *;
}

-keep public class com.tencent.smtt.sdk.WebStorage$QuotaUpdater {
	public <fields>;
	public <methods>;
}

-keep public class com.tencent.smtt.sdk.WebIconDatabase {
	public <fields>;
	public <methods>;
}

-keep public class com.tencent.smtt.sdk.WebStorage {
	public <fields>;
	public <methods>;
}

-keep public class com.tencent.smtt.sdk.DownloadListener {
	public <fields>;
	public <methods>;
}

-keep public class com.tencent.smtt.sdk.QbSdk {
	public <fields>;
	public <methods>;
}

-keep public class com.tencent.smtt.sdk.QbSdk$PreInitCallback {
	public <fields>;
	public <methods>;
}
-keep public class com.tencent.smtt.sdk.CookieSyncManager {
	public <fields>;
	public <methods>;
}

-keep public class com.tencent.smtt.sdk.Tbs* {
	public <fields>;
	public <methods>;
}

-keep public class com.tencent.smtt.utils.LogFileUtils {
	public <fields>;
	public <methods>;
}

-keep public class com.tencent.smtt.utils.TbsLog {
	public <fields>;
	public <methods>;
}

-keep public class com.tencent.smtt.utils.TbsLogClient {
	public <fields>;
	public <methods>;
}

-keep public class com.tencent.smtt.sdk.CookieSyncManager {
	public <fields>;
	public <methods>;
}

# Added for game demos
-keep public class com.tencent.smtt.sdk.TBSGamePlayer {
	public <fields>;
	public <methods>;
}

-keep public class com.tencent.smtt.sdk.TBSGamePlayerClient* {
	public <fields>;
	public <methods>;
}

-keep public class com.tencent.smtt.sdk.TBSGamePlayerClientExtension {
	public <fields>;
	public <methods>;
}

-keep public class com.tencent.smtt.sdk.TBSGamePlayerService* {
	public <fields>;
	public <methods>;
}

-keep public class com.tencent.smtt.utils.Apn {
	public <fields>;
	public <methods>;
}
-keep class com.tencent.smtt.** {
	*;
}
# end


-keep public class com.tencent.smtt.export.external.extension.proxy.ProxyWebViewClientExtension {
	public <fields>;
	public <methods>;
}

-keep class MTT.ThirdAppInfoNew {
	*;
}

-keep class com.tencent.mtt.MttTraceEvent {
	*;
}

# Game related
-keep public class com.tencent.smtt.gamesdk.* {
	public protected *;
}

-keep public class com.tencent.smtt.sdk.TBSGameBooter {
        public <fields>;
        public <methods>;
}

-keep public class com.tencent.smtt.sdk.TBSGameBaseActivity {
	public protected *;
}

-keep public class com.tencent.smtt.sdk.TBSGameBaseActivityProxy {
	public protected *;
}

-keep public class com.tencent.smtt.gamesdk.internal.TBSGameServiceClient {
	public *;
}
#---------------------------------------------------------------------------


#------------------  下方是android平台自带的排除项，这里不要动         ----------------

-keep public class * extends android.app.Activity{
	public <fields>;
	public <methods>;
}
-keep public class * extends android.app.Application
{
	public <fields>;
	public <methods>;
}
-keep public class * extends android.app.Service
-keep public class * extends android.content.BroadcastReceiver
-keep public class * extends android.content.ContentProvider
-keep public class * extends android.app.backup.BackupAgentHelper
-keep public class * extends android.preference.Preference

-keepclassmembers enum * {