flutter_projects/build/app/outputs/mapping/release/seeds.txt
androidx.core.app.ComponentActivity
androidx.appcompat.widget.AppCompatTextView: void setTextFuture(java.util.concurrent.Future)
com.tencent.smtt.export.external.proxy.ProxyWebViewClient: void countPVContentCacheCallBack(java.lang.String)
com.tencent.smtt.sdk.TbsLogReport: void a(com.tencent.smtt.sdk.TbsLogReport,int,com.tencent.smtt.sdk.TbsLogReport$TbsLogInfo)
com.tencent.smtt.export.external.interfaces.IX5WebSettings$TextSize: com.tencent.smtt.export.external.interfaces.IX5WebSettings$TextSize SMALLER
com.google.android.exoplayer2.ui.PlayerView: void setKeepContentOnPlayerReset(boolean)
io.flutter.embedding.android.FlutterSplashView: boolean isSplashScreenNeededNow()
com.tencent.smtt.export.external.extension.interfaces.IX5WebViewClientExtension: void onHideListBox()
com.tencent.smtt.utils.p
io.flutter.embedding.engine.loader.FlutterLoader: java.lang.String TAG
com.tencent.smtt.sdk.QbSdk: int y
androidx.appcompat.widget.AppCompatCheckBox: android.graphics.PorterDuff$Mode getSupportButtonTintMode()
com.tencent.smtt.utils.FileProvider: android.net.Uri a(android.content.Context,java.io.File)
com.tencent.smtt.export.external.interfaces.IX5WebSettings: void setNavDump(boolean)
com.pichillilorenzo.flutter_inappwebview.R$drawable: int abc_ic_commit_search_api_mtrl_alpha
io.flutter.embedding.android.FlutterView: io.flutter.embedding.android.FlutterView$ZeroSides calculateShouldZeroSides()
com.pichillilorenzo.flutter_inappwebview.R$color: int abc_primary_text_material_dark
com.tencent.smtt.sdk.ui.dialog.a: boolean a(android.content.Context,java.lang.String)
com.tencent.smtt.sdk.stat.a: int[] j
com.google.android.material.button.MaterialButton: android.content.res.ColorStateList getSupportBackgroundTintList()
com.tencent.smtt.sdk.TbsLogReport$TbsLogInfo: long l
io.flutter.plugins.webviewflutter.R$styleable: int[] ColorStateListItem
com.tencent.smtt.utils.i: java.lang.Object a(java.lang.Object,java.lang.String)
com.pichillilorenzo.flutter_inappwebview.MyCookieManager: void setCookie(java.lang.String,java.lang.String,java.lang.String,java.lang.String,java.lang.String,java.lang.Long,java.lang.Integer,java.lang.Boolean,java.lang.Boolean,java.lang.String,io.flutter.plugin.common.MethodChannel$Result)
io.flutter.plugins.pathprovider.R$id: int accessibility_custom_action_10
io.flutter.plugins.pathprovider.BuildConfig: boolean DEBUG
io.flutter.embedding.engine.renderer.FlutterRenderer$ViewportMetrics: int height
io.flutter.BuildConfig: boolean JIT_RELEASE
com.google.common.util.concurrent.AbstractFuture: com.google.common.util.concurrent.AbstractFuture$Waiter waiters
io.flutter.embedding.android.FlutterImageView: android.media.ImageReader createImageReader(int,int)
com.pichillilorenzo.flutter_inappwebview.R$dimen: int abc_seekbar_track_progress_height_material
com.pichillilorenzo.flutter_inappwebview.chrome_custom_tabs.ChromeCustomTabsActivity$2: void onMessageChannelReady(android.os.Bundle)
com.tencent.smtt.sdk.SystemWebViewClient$f: java.util.Map getRequestHeaders()
androidx.appcompat.widget.ActionBarOverlayLayout: void setUiOptions(int)
androidx.viewpager.widget.ViewPager: void setPageMarginDrawable(int)
io.flutter.view.AccessibilityBridge$3: void onChange(boolean)
io.flutter.plugins.webviewflutter.GeneratedAndroidWebView$WebViewHostApi: void dispose(java.lang.Long)
io.flutter.plugins.flutter_plugin_android_lifecycle.R$string
com.pichillilorenzo.flutter_inappwebview.R$style: int TextAppearance_Compat_Notification_Line2
com.pichillilorenzo.flutter_inappwebview.R$styleable: int AppCompatTheme_ratingBarStyleIndicator
com.pichillilorenzo.flutter_inappwebview.types.ContentWorld: boolean $assertionsDisabled
com.tencent.smtt.utils.Base64$c: Base64$c(int,byte[])
io.flutter.view.AccessibilityBridge: android.view.View access$100(io.flutter.view.AccessibilityBridge)
com.tencent.smtt.sdk.ui.dialog.d$3: void onClick(android.view.View)
com.webview.filereader.R$style