flutter_projects/build/app/outputs/mapping/release/usage.txt
kotlin.reflect.KTypeProjection$Companion
com.google.android.exoplayer2.upstream.HttpDataSource$InvalidResponseCodeException
com.google.android.exoplayer2.extractor.wav.WavHeaderReader$ChunkHeader
com.google.common.util.concurrent.InterruptibleTask$1
com.google.android.material.shape.RoundedCornerTreatment
androidx.media.VolumeProviderCompat$ControlType
com.google.common.collect.Tables$ImmutableCell
androidx.tracing.R
androidx.constraintlayout.solver.widgets.ConstraintWidget$ContentAlignment
com.bumptech.glide.load.data.AssetPathFetcher:
    private static final java.lang.String TAG
com.google.android.exoplayer2.video.VideoDecoderOutputBufferRenderer:
    public abstract void setOutputBuffer(com.google.android.exoplayer2.video.VideoDecoderOutputBuffer)
com.google.android.exoplayer2.C$PcmEncoding
com.google.common.collect.Multimaps$AsMap$EntrySet
androidx.cursoradapter.widget.SimpleCursorAdapter$ViewBinder
android.support.v4.media.session.IMediaSession:
    public abstract void sendCommand(java.lang.String,android.os.Bundle,android.support.v4.media.session.MediaSessionCompat$ResultReceiverWrapper)
    public abstract void unregisterCallbackListener(android.support.v4.media.session.IMediaControllerCallback)
    public abstract boolean isTransportControlEnabled()
    public abstract java.lang.String getPackageName()
    public abstract java.lang.String getTag()
    public abstract android.app.PendingIntent getLaunchPendingIntent()
    public abstract long getFlags()
    public abstract android.support.v4.media.session.ParcelableVolumeInfo getVolumeAttributes()
    public abstract void adjustVolume(int,int,java.lang.String)
    public abstract void setVolumeTo(int,int,java.lang.String)
    public abstract android.support.v4.media.MediaMetadataCompat getMetadata()
    public abstract android.support.v4.media.session.PlaybackStateCompat getPlaybackState()
    public abstract java.util.List getQueue()
    public abstract java.lang.CharSequence getQueueTitle()
    public abstract android.os.Bundle getExtras()
    public abstract int getRatingType()
    public abstract boolean isCaptioningEnabled()
    public abstract int getRepeatMode()
    public abstract boolean isShuffleModeEnabledRemoved()
    public abstract int getShuffleMode()
    public abstract void addQueueItem(android.support.v4.media.MediaDescriptionCompat)
com.google.common.collect.DenseImmutableTable$ImmutableArrayMap
kotlin.reflect.TypeVariableImpl
androidx.browser.trusted.PackageIdentityUtils$Pre28Implementation
androidx.annotation.InspectableProperty$EnumEntry
com.google.errorprone.annotations.concurrent.GuardedBy
androidx.fragment.app.FragmentController:
    public androidx.loader.app.LoaderManager getSupportLoaderManager()
    public androidx.fragment.app.Fragment findFragmentByWho(java.lang.String)
    public int getActiveFragmentsCount()
    public java.util.List getActiveFragments(java.util.List)
    public void restoreAllState(android.os.Parcelable,java.util.List)
    public void restoreAllState(android.os.Parcelable,androidx.fragment.app.FragmentManagerNonConfig)
    public java.util.List retainNonConfig()
    public androidx.fragment.app.FragmentManagerNonConfig retainNestedNonConfig()
    public void dispatchReallyStop()
    public void dispatchDestroyView()
    public void doLoaderStart()
    public void doLoaderStop(boolean)
    public void doLoaderRetain()
    public void doLoaderDestroy()
    public void reportLoaderStart()
    public androidx.collection.SimpleArrayMap retainLoaderNonConfig()
    public void restoreLoaderNonConfig(androidx.collection.SimpleArrayMap)
    public void dumpLoaders(java.lang.String,java.io.FileDescriptor,java.io.PrintWriter,java.lang.String[])
androidx.media.MediaBrowserServiceCompat$MediaBrowserServiceImplApi26$1:
    public void detach()
com.google.common.graph.ElementOrder$Type